0 info it worked if it ends with ok
1 verbose cli [ 'C:\\Program Files (x86)\\nodejs\\\\node.exe',
1 verbose cli   'C:\\Program Files (x86)\\nodejs\\node_modules\\npm\\bin\\npm-cli.js',
1 verbose cli   'install',
1 verbose cli   'sassy-ink' ]
2 info using npm@1.3.24
3 info using node@v0.10.25
4 verbose node symlink C:\Program Files (x86)\nodejs\\node.exe
5 warn package.json zurb-html-email-generation@0.0.0 No repository field.
6 verbose readDependencies using package.json deps
7 verbose cache add [ 'sassy-ink', null ]
8 verbose cache add name=undefined spec="sassy-ink" args=["sassy-ink",null]
9 verbose parsed url { protocol: null,
9 verbose parsed url   slashes: null,
9 verbose parsed url   auth: null,
9 verbose parsed url   host: null,
9 verbose parsed url   port: null,
9 verbose parsed url   hostname: null,
9 verbose parsed url   hash: null,
9 verbose parsed url   search: null,
9 verbose parsed url   query: null,
9 verbose parsed url   pathname: 'sassy-ink',
9 verbose parsed url   path: 'sassy-ink',
9 verbose parsed url   href: 'sassy-ink' }
10 silly lockFile 161ffe76-sassy-ink sassy-ink
11 verbose lock sassy-ink C:\Users\segrdev178\AppData\Roaming\npm-cache\161ffe76-sassy-ink.lock
12 silly lockFile 161ffe76-sassy-ink sassy-ink
13 silly lockFile 161ffe76-sassy-ink sassy-ink
14 verbose addNamed [ 'sassy-ink', '' ]
15 verbose addNamed [ null, '*' ]
16 silly lockFile 218e3b00-sassy-ink sassy-ink@
17 verbose lock sassy-ink@ C:\Users\segrdev178\AppData\Roaming\npm-cache\218e3b00-sassy-ink.lock
18 silly addNameRange { name: 'sassy-ink', range: '*', hasData: false }
19 verbose url raw sassy-ink
20 verbose url resolving [ 'https://registry.npmjs.org/', './sassy-ink' ]
21 verbose url resolved https://registry.npmjs.org/sassy-ink
22 info trying registry request attempt 1 at 14:26:13
23 http GET https://registry.npmjs.org/sassy-ink
24 http 404 https://registry.npmjs.org/sassy-ink
25 silly registry.get cb [ 404,
25 silly registry.get   { date: 'Mon, 17 Nov 2014 14:26:56 GMT',
25 silly registry.get     server: 'CouchDB/1.5.0 (Erlang OTP/R16B03)',
25 silly registry.get     'content-type': 'application/json',
25 silly registry.get     'cache-control': 'max-age=0',
25 silly registry.get     'content-length': '52',
25 silly registry.get     'accept-ranges': 'bytes',
25 silly registry.get     via: '1.1 varnish',
25 silly registry.get     age: '0',
25 silly registry.get     'x-served-by': 'cache-lcy1123-LCY',
25 silly registry.get     'x-cache': 'MISS',
25 silly registry.get     'x-cache-hits': '0',
25 silly registry.get     'x-timer': 'S1416234416.045158,VS0,VE83',
25 silly registry.get     'keep-alive': 'timeout=10, max=50',
25 silly registry.get     connection: 'Keep-Alive' } ]
26 silly lockFile 218e3b00-sassy-ink sassy-ink@
27 silly lockFile 218e3b00-sassy-ink sassy-ink@
28 error 404 'sassy-ink' is not in the npm registry.
28 error 404 You should bug the author to publish it
28 error 404 It was specified as a dependency of 'zurb-html-email-generation'
28 error 404
28 error 404 Note that you can also install from a
28 error 404 tarball, folder, or http url, or git url.
29 error System Windows_NT 6.1.7601
30 error command "C:\\Program Files (x86)\\nodejs\\\\node.exe" "C:\\Program Files (x86)\\nodejs\\node_modules\\npm\\bin\\npm-cli.js" "install" "sassy-ink"
31 error cwd C:\Dev\REMUS\REMUS.DesignSystem.Web\Markel.REMUS.DesignSystem.Web\Views\Snippets\zurb-html-email-generation
32 error node -v v0.10.25
33 error npm -v 1.3.24
34 error code E404
35 verbose exit [ 1, true ]
